<?xml version="1.0" encoding="UTF-8"?>
<testng-results ignored="0" total="1" passed="1" failed="0" skipped="0">
  <reporter-output>
  </reporter-output>
  <suite started-at="2018-06-18T03:39:23Z" name="Default suite" finished-at="2018-06-18T03:40:48Z" duration-ms="85726">
    <groups>
    </groups>
    <test started-at="2018-06-18T03:39:23Z" name="Default test" finished-at="2018-06-18T03:40:48Z" duration-ms="85726">
      <class name="com.testout.qa.assignmenttest.SimulationTests">
        <test-method is-config="true" signature="setUp()[pri:0, instance:com.testout.qa.assignmenttest.SimulationTests@63070bab]" started-at="2018-06-18T03:39:23Z" name="setUp" finished-at="2018-06-18T03:39:41Z" duration-ms="18458" status="PASS">
          <reporter-output>
          </reporter-output>
        </test-method> <!-- setUp -->
        <test-method signature="simulation1()[pri:0, instance:com.testout.qa.assignmenttest.SimulationTests@63070bab]" started-at="2018-06-18T03:39:41Z" name="simulation1" finished-at="2018-06-18T03:40:46Z" duration-ms="64442" status="PASS">
          <reporter-output>
          </reporter-output>
        </test-method> <!-- simulation1 -->
        <test-method is-config="true" signature="closeBrowser()[pri:0, instance:com.testout.qa.assignmenttest.SimulationTests@63070bab]" started-at="2018-06-18T03:40:46Z" name="closeBrowser" finished-at="2018-06-18T03:40:48Z" duration-ms="2809" status="PASS">
          <reporter-output>
          </reporter-output>
        </test-method> <!-- closeBrowser -->
      </class> <!-- com.testout.qa.assignmenttest.SimulationTests -->
    </test> <!-- Default test -->
  </suite> <!-- Default suite -->
</testng-results>
